<?xml version="1.0" encoding="UTF-8"?>
<!-- Generated by org.testng.reporters.JUnitReportReporter -->
<testsuite hostname="NEW-PC" name="testone.RunTestMultipleTimes" tests="5" failures="0" timestamp="29 Jun 2015 05:09:46 GMT" time="0.014" errors="0">
  <testcase name="runMultipleTimes" time="0.000" classname="testone.RunTestMultipleTimes"/>
  <testcase name="runMultipleTimes" time="0.000" classname="testone.RunTestMultipleTimes"/>
  <testcase name="runMultipleTimes" time="0.001" classname="testone.RunTestMultipleTimes"/>
  <testcase name="runMultipleTimes" time="0.002" classname="testone.RunTestMultipleTimes"/>
  <testcase name="runMultipleTimes" time="0.011" classname="testone.RunTestMultipleTimes"/>
</testsuite> <!-- testone.RunTestMultipleTimes -->
